INFO 2018-11-06 20:28:54,770 basehttp 124 "GET / HTTP/1.1" 200 1714
INFO 2018-11-06 20:28:54,785 basehttp 124 "GET / HTTP/1.1" 200 1714
WARNING 2018-11-06 20:28:54,863 base 152 Not Found: /favicon.ico
WARNING 2018-11-06 20:28:54,877 basehttp 124 "GET /favicon.ico HTTP/1.1" 404 1966
WARNING 2018-11-06 20:28:54,884 base 152 Not Found: /favicon.ico
WARNING 2018-11-06 20:28:54,884 basehttp 124 "GET /favicon.ico HTTP/1.1" 404 1966
WARNING 2018-11-07 19:39:48,254 base 152 Not Found: /
WARNING 2018-11-07 19:39:48,255 basehttp 124 "GET / HTTP/1.1" 404 2104
WARNING 2018-11-07 19:39:48,385 base 152 Not Found: /favicon.ico
WARNING 2018-11-07 19:39:48,386 basehttp 124 "GET /favicon.ico HTTP/1.1" 404 2155
ERROR 2018-11-07 19:40:04,309 exceptions 25 [<verifications.views.SMSCodeView object at 0x7f89c1efc080>] Error 111 connecting to 192.168.50.135:6379. Connection refused.
ERROR 2018-11-07 19:40:04,497 basehttp 124 "GET /sms_code/13111111111/ HTTP/1.1" 507 9589
INFO 2018-11-07 19:40:04,542 basehttp 124 "GET /static/rest_framework/css/prettify.css HTTP/1.1" 200 817
INFO 2018-11-07 19:40:04,552 basehttp 124 "GET /static/rest_framework/css/bootstrap-tweaks.css HTTP/1.1" 200 3385
INFO 2018-11-07 19:40:04,553 basehttp 124 "GET /static/rest_framework/css/default.css HTTP/1.1" 200 1131
INFO 2018-11-07 19:40:04,558 basehttp 124 "GET /static/rest_framework/css/bootstrap.min.css HTTP/1.1" 200 121200
INFO 2018-11-07 19:40:04,559 basehttp 124 "GET /static/rest_framework/js/ajax-form.js HTTP/1.1" 200 3597
INFO 2018-11-07 19:40:04,579 basehttp 124 "GET /static/rest_framework/js/jquery-3.3.1.min.js HTTP/1.1" 200 86927
INFO 2018-11-07 19:40:04,590 basehttp 124 "GET /static/rest_framework/js/csrf.js HTTP/1.1" 200 1735
INFO 2018-11-07 19:40:04,595 basehttp 124 "GET /static/rest_framework/js/bootstrap.min.js HTTP/1.1" 200 37045
INFO 2018-11-07 19:40:04,596 basehttp 124 "GET /static/rest_framework/js/prettify-min.js HTTP/1.1" 200 13632
INFO 2018-11-07 19:40:04,598 basehttp 124 "GET /static/rest_framework/js/default.js HTTP/1.1" 200 1262
INFO 2018-11-07 19:40:04,658 basehttp 124 "GET /static/rest_framework/img/grid.png HTTP/1.1" 200 1458
INFO 2018-11-07 19:40:59,251 basehttp 124 "GET /sms_code/13111111111/ HTTP/1.1" 200 9552
INFO 2018-11-07 19:40:59,265 basehttp 124 "GET /static/rest_framework/css/bootstrap.min.css HTTP/1.1" 304 0
INFO 2018-11-07 19:40:59,267 basehttp 124 "GET /static/rest_framework/js/jquery-3.3.1.min.js HTTP/1.1" 304 0
INFO 2018-11-07 19:40:59,269 basehttp 124 "GET /static/rest_framework/css/prettify.css HTTP/1.1" 304 0
INFO 2018-11-07 19:40:59,271 basehttp 124 "GET /static/rest_framework/css/default.css HTTP/1.1" 304 0
INFO 2018-11-07 19:40:59,275 basehttp 124 "GET /static/rest_framework/css/bootstrap-tweaks.css HTTP/1.1" 304 0
INFO 2018-11-07 19:40:59,278 basehttp 124 "GET /static/rest_framework/js/ajax-form.js HTTP/1.1" 304 0
INFO 2018-11-07 19:40:59,299 basehttp 124 "GET /static/rest_framework/js/csrf.js HTTP/1.1" 304 0
INFO 2018-11-07 19:40:59,300 basehttp 124 "GET /static/rest_framework/js/bootstrap.min.js HTTP/1.1" 304 0
INFO 2018-11-07 19:40:59,304 basehttp 124 "GET /static/rest_framework/js/default.js HTTP/1.1" 304 0
INFO 2018-11-07 19:40:59,306 basehttp 124 "GET /static/rest_framework/js/prettify-min.js HTTP/1.1" 304 0
INFO 2018-11-07 19:59:21,858 basehttp 124 "GET /sms_code/13111111111/ HTTP/1.1" 200 9552
INFO 2018-11-07 19:59:39,744 basehttp 124 "GET /sms_code/13111111111/ HTTP/1.1" 200 9552
INFO 2018-11-07 19:59:47,388 basehttp 124 "GET /sms_code/13111111111/ HTTP/1.1" 200 9552
INFO 2018-11-07 19:59:48,567 basehttp 124 "GET /sms_code/13111111111/ HTTP/1.1" 200 9552
INFO 2018-11-07 19:59:49,203 basehttp 124 "GET /sms_code/13111111111/ HTTP/1.1" 200 9552
INFO 2018-11-07 19:59:49,754 basehttp 124 "GET /sms_code/13111111111/ HTTP/1.1" 200 9552
INFO 2018-11-07 19:59:50,025 basehttp 124 "GET /sms_code/13111111111/ HTTP/1.1" 200 9552
INFO 2018-11-07 19:59:50,303 basehttp 124 "GET /sms_code/13111111111/ HTTP/1.1" 200 9552
INFO 2018-11-07 19:59:50,449 basehttp 124 "GET /sms_code/13111111111/ HTTP/1.1" 200 9552
INFO 2018-11-07 19:59:50,654 basehttp 124 "GET /sms_code/13111111111/ HTTP/1.1" 200 9552
INFO 2018-11-07 19:59:50,802 basehttp 124 "GET /sms_code/13111111111/ HTTP/1.1" 200 9552
INFO 2018-11-07 19:59:50,962 basehttp 124 "GET /sms_code/13111111111/ HTTP/1.1" 200 9552
INFO 2018-11-07 19:59:51,176 basehttp 124 "GET /sms_code/13111111111/ HTTP/1.1" 200 9552
INFO 2018-11-07 19:59:51,356 basehttp 124 "GET /sms_code/13111111111/ HTTP/1.1" 200 9552
INFO 2018-11-07 19:59:51,688 basehttp 124 "GET /sms_code/13111111111/ HTTP/1.1" 200 9552
INFO 2018-11-07 19:59:52,105 basehttp 124 "GET /sms_code/13111111111/ HTTP/1.1" 200 9552
INFO 2018-11-07 19:59:52,398 basehttp 124 "GET /sms_code/13111111111/ HTTP/1.1" 200 9552
INFO 2018-11-07 19:59:52,724 basehttp 124 "GET /sms_code/13111111111/ HTTP/1.1" 200 9552
INFO 2018-11-07 19:59:53,163 basehttp 124 "GET /sms_code/13111111111/ HTTP/1.1" 200 9552
INFO 2018-11-07 19:59:53,400 basehttp 124 "GET /sms_code/13111111111/ HTTP/1.1" 200 9552
INFO 2018-11-07 19:59:53,530 basehttp 124 "GET /sms_code/13111111111/ HTTP/1.1" 200 9552
INFO 2018-11-07 19:59:53,776 basehttp 124 "GET /sms_code/13111111111/ HTTP/1.1" 200 9552
INFO 2018-11-07 19:59:54,105 basehttp 124 "GET /sms_code/13111111111/ HTTP/1.1" 200 9552
INFO 2018-11-07 19:59:54,338 basehttp 124 "GET /sms_code/13111111111/ HTTP/1.1" 200 9552
INFO 2018-11-07 19:59:54,527 basehttp 124 "GET /sms_code/13111111111/ HTTP/1.1" 200 9552
INFO 2018-11-07 19:59:54,901 basehttp 124 "GET /sms_code/13111111111/ HTTP/1.1" 200 9552
INFO 2018-11-07 19:59:55,148 basehttp 124 "GET /sms_code/13111111111/ HTTP/1.1" 200 9552
INFO 2018-11-07 19:59:55,315 basehttp 124 "GET /sms_code/13111111111/ HTTP/1.1" 200 9552
INFO 2018-11-07 19:59:55,530 basehttp 124 "GET /sms_code/13111111111/ HTTP/1.1" 200 9552
INFO 2018-11-07 19:59:55,688 basehttp 124 "GET /sms_code/13111111111/ HTTP/1.1" 200 9552
INFO 2018-11-07 19:59:55,956 basehttp 124 "GET /sms_code/13111111111/ HTTP/1.1" 200 9552
INFO 2018-11-07 19:59:56,121 basehttp 124 "GET /sms_code/13111111111/ HTTP/1.1" 200 9552
INFO 2018-11-07 19:59:56,307 basehttp 124 "GET /sms_code/13111111111/ HTTP/1.1" 200 9552
INFO 2018-11-07 19:59:56,471 basehttp 124 "GET /sms_code/13111111111/ HTTP/1.1" 200 9552
INFO 2018-11-07 19:59:56,717 basehttp 124 "GET /sms_code/13111111111/ HTTP/1.1" 200 9552
INFO 2018-11-07 19:59:56,879 basehttp 124 "GET /sms_code/13111111111/ HTTP/1.1" 200 9552
INFO 2018-11-07 19:59:57,075 basehttp 124 "GET /sms_code/13111111111/ HTTP/1.1" 200 9552
INFO 2018-11-07 19:59:57,264 basehttp 124 "GET /sms_code/13111111111/ HTTP/1.1" 200 9552
INFO 2018-11-07 19:59:57,445 basehttp 124 "GET /sms_code/13111111111/ HTTP/1.1" 200 9552
INFO 2018-11-07 19:59:57,694 basehttp 124 "GET /sms_code/13111111111/ HTTP/1.1" 200 9552
INFO 2018-11-07 19:59:58,021 basehttp 124 "GET /sms_code/13111111111/ HTTP/1.1" 200 9552
INFO 2018-11-07 19:59:58,199 basehttp 124 "GET /sms_code/13111111111/ HTTP/1.1" 200 9552
INFO 2018-11-07 19:59:58,445 basehttp 124 "GET /sms_code/13111111111/ HTTP/1.1" 200 9552
INFO 2018-11-07 19:59:58,601 basehttp 124 "GET /sms_code/13111111111/ HTTP/1.1" 200 9552
INFO 2018-11-07 19:59:58,837 basehttp 124 "GET /sms_code/13111111111/ HTTP/1.1" 200 9552
INFO 2018-11-07 19:59:59,196 basehttp 124 "GET /sms_code/13111111111/ HTTP/1.1" 200 9552
INFO 2018-11-07 19:59:59,434 basehttp 124 "GET /sms_code/13111111111/ HTTP/1.1" 200 9552
INFO 2018-11-07 19:59:59,587 basehttp 124 "GET /sms_code/13111111111/ HTTP/1.1" 200 9552
INFO 2018-11-07 19:59:59,807 basehttp 124 "GET /sms_code/13111111111/ HTTP/1.1" 200 9552
INFO 2018-11-07 19:59:59,999 basehttp 124 "GET /sms_code/13111111111/ HTTP/1.1" 200 9552
INFO 2018-11-07 20:00:00,370 basehttp 124 "GET /sms_code/13111111111/ HTTP/1.1" 200 9552
INFO 2018-11-07 20:00:00,615 basehttp 124 "GET /sms_code/13111111111/ HTTP/1.1" 200 9552
INFO 2018-11-07 20:00:00,776 basehttp 124 "GET /sms_code/13111111111/ HTTP/1.1" 200 9552
INFO 2018-11-07 20:00:24,048 basehttp 124 "GET /sms_code/13111111111/ HTTP/1.1" 200 9552
INFO 2018-11-07 20:00:24,314 basehttp 124 "GET /sms_code/13111111111/ HTTP/1.1" 200 9552
INFO 2018-11-07 20:00:24,496 basehttp 124 "GET /sms_code/13111111111/ HTTP/1.1" 200 9552
INFO 2018-11-07 20:00:24,663 basehttp 124 "GET /sms_code/13111111111/ HTTP/1.1" 200 9552
INFO 2018-11-07 20:00:24,907 basehttp 124 "GET /sms_code/13111111111/ HTTP/1.1" 200 9552
INFO 2018-11-07 20:00:25,045 basehttp 124 "GET /sms_code/13111111111/ HTTP/1.1" 200 9552
INFO 2018-11-07 20:00:25,419 basehttp 124 "GET /sms_code/13111111111/ HTTP/1.1" 200 9552
INFO 2018-11-07 20:00:25,608 basehttp 124 "GET /sms_code/13111111111/ HTTP/1.1" 200 9552
INFO 2018-11-07 20:00:25,782 basehttp 124 "GET /sms_code/13111111111/ HTTP/1.1" 200 9552
INFO 2018-11-07 20:00:25,976 basehttp 124 "GET /sms_code/13111111111/ HTTP/1.1" 200 9552
INFO 2018-11-07 20:00:26,221 basehttp 124 "GET /sms_code/13111111111/ HTTP/1.1" 200 9552
INFO 2018-11-07 20:00:26,397 basehttp 124 "GET /sms_code/13111111111/ HTTP/1.1" 200 9552
INFO 2018-11-07 20:00:26,592 basehttp 124 "GET /sms_code/13111111111/ HTTP/1.1" 200 9552
INFO 2018-11-07 20:00:26,746 basehttp 124 "GET /sms_code/13111111111/ HTTP/1.1" 200 9552
INFO 2018-11-07 20:00:27,000 basehttp 124 "GET /sms_code/13111111111/ HTTP/1.1" 200 9552
INFO 2018-11-07 20:00:27,165 basehttp 124 "GET /sms_code/13111111111/ HTTP/1.1" 200 9552
INFO 2018-11-07 20:00:27,380 basehttp 124 "GET /sms_code/13111111111/ HTTP/1.1" 200 9552
INFO 2018-11-07 20:00:27,606 basehttp 124 "GET /sms_code/13111111111/ HTTP/1.1" 200 9552
INFO 2018-11-07 20:00:27,990 basehttp 124 "GET /sms_code/13111111111/ HTTP/1.1" 200 9552
INFO 2018-11-07 20:00:28,227 basehttp 124 "GET /sms_code/13111111111/ HTTP/1.1" 200 9552
INFO 2018-11-07 20:00:28,641 basehttp 124 "GET /sms_code/13111111111/ HTTP/1.1" 200 9552
INFO 2018-11-07 20:00:28,862 basehttp 124 "GET /sms_code/13111111111/ HTTP/1.1" 200 9552
INFO 2018-11-07 20:00:29,089 basehttp 124 "GET /sms_code/13111111111/ HTTP/1.1" 200 9552
INFO 2018-11-07 20:00:29,304 basehttp 124 "GET /sms_code/13111111111/ HTTP/1.1" 200 9552
INFO 2018-11-07 20:00:29,491 basehttp 124 "GET /sms_code/13111111111/ HTTP/1.1" 200 9552
INFO 2018-11-07 20:00:29,730 basehttp 124 "GET /sms_code/13111111111/ HTTP/1.1" 200 9552
INFO 2018-11-07 20:00:30,117 basehttp 124 "GET /sms_code/13111111111/ HTTP/1.1" 200 9552
INFO 2018-11-07 20:00:30,344 basehttp 124 "GET /sms_code/13111111111/ HTTP/1.1" 200 9552
INFO 2018-11-07 20:00:30,577 basehttp 124 "GET /sms_code/13111111111/ HTTP/1.1" 200 9552
INFO 2018-11-07 20:00:30,739 basehttp 124 "GET /sms_code/13111111111/ HTTP/1.1" 200 9552
INFO 2018-11-07 20:00:30,968 basehttp 124 "GET /sms_code/13111111111/ HTTP/1.1" 200 9552
INFO 2018-11-07 20:00:31,134 basehttp 124 "GET /sms_code/13111111111/ HTTP/1.1" 200 9552
INFO 2018-11-07 20:00:31,351 basehttp 124 "GET /sms_code/13111111111/ HTTP/1.1" 200 9552
INFO 2018-11-07 20:00:31,572 basehttp 124 "GET /sms_code/13111111111/ HTTP/1.1" 200 9552
INFO 2018-11-07 20:00:31,795 basehttp 124 "GET /sms_code/13111111111/ HTTP/1.1" 200 9552
INFO 2018-11-07 20:00:31,968 basehttp 124 "GET /sms_code/13111111111/ HTTP/1.1" 200 9552
INFO 2018-11-07 20:00:32,188 basehttp 124 "GET /sms_code/13111111111/ HTTP/1.1" 200 9552
INFO 2018-11-07 20:00:32,411 basehttp 124 "GET /sms_code/13111111111/ HTTP/1.1" 200 9552
INFO 2018-11-07 20:00:32,560 basehttp 124 "GET /sms_code/13111111111/ HTTP/1.1" 200 9552
INFO 2018-11-07 20:00:32,765 basehttp 124 "GET /sms_code/13111111111/ HTTP/1.1" 200 9552
INFO 2018-11-07 20:00:33,180 basehttp 124 "GET /sms_code/13111111111/ HTTP/1.1" 200 9552
INFO 2018-11-07 20:00:33,587 basehttp 124 "GET /sms_code/13111111111/ HTTP/1.1" 200 9552
INFO 2018-11-07 20:00:33,718 basehttp 124 "GET /sms_code/13111111111/ HTTP/1.1" 200 9552
INFO 2018-11-07 20:00:33,797 basehttp 124 "GET /sms_code/13111111111/ HTTP/1.1" 200 9552
INFO 2018-11-07 20:00:34,067 basehttp 124 "GET /sms_code/13111111111/ HTTP/1.1" 200 9552
INFO 2018-11-07 20:07:59,393 basehttp 124 "GET /sms_code/13111111111/ HTTP/1.1" 200 9552
INFO 2018-11-07 20:07:59,410 basehttp 124 "GET /static/rest_framework/css/bootstrap.min.css HTTP/1.1" 304 0
INFO 2018-11-07 20:07:59,411 basehttp 124 "GET /static/rest_framework/css/prettify.css HTTP/1.1" 304 0
INFO 2018-11-07 20:07:59,414 basehttp 124 "GET /static/rest_framework/css/default.css HTTP/1.1" 304 0
INFO 2018-11-07 20:07:59,415 basehttp 124 "GET /static/rest_framework/css/bootstrap-tweaks.css HTTP/1.1" 304 0
INFO 2018-11-07 20:07:59,422 basehttp 124 "GET /static/rest_framework/js/jquery-3.3.1.min.js HTTP/1.1" 304 0
INFO 2018-11-07 20:07:59,422 basehttp 124 "GET /static/rest_framework/js/csrf.js HTTP/1.1" 304 0
INFO 2018-11-07 20:07:59,425 basehttp 124 "GET /static/rest_framework/js/ajax-form.js HTTP/1.1" 304 0
INFO 2018-11-07 20:07:59,431 basehttp 124 "GET /static/rest_framework/js/bootstrap.min.js HTTP/1.1" 304 0
INFO 2018-11-07 20:07:59,435 basehttp 124 "GET /static/rest_framework/js/prettify-min.js HTTP/1.1" 304 0
INFO 2018-11-07 20:07:59,435 basehttp 124 "GET /static/rest_framework/js/default.js HTTP/1.1" 304 0
INFO 2018-11-07 20:08:05,387 basehttp 124 "GET /sms_code/13111111111/ HTTP/1.1" 200 9568
INFO 2018-11-07 20:08:07,688 basehttp 124 "GET /sms_code/13111111111/ HTTP/1.1" 200 9568
INFO 2018-11-07 20:08:09,407 basehttp 124 "GET /sms_code/13111111111/ HTTP/1.1" 200 9568
INFO 2018-11-07 20:08:11,535 basehttp 124 "GET /sms_code/13111111111/ HTTP/1.1" 200 9568
INFO 2018-11-07 20:09:01,890 basehttp 124 "GET /sms_code/13111111111/ HTTP/1.1" 200 9552
INFO 2018-11-07 20:09:06,264 basehttp 124 "GET /sms_code/13111111111/ HTTP/1.1" 200 9568
INFO 2018-11-07 20:09:08,236 basehttp 124 "GET /sms_code/13111111111/ HTTP/1.1" 200 9568
INFO 2018-11-07 20:09:10,255 basehttp 124 "GET /sms_code/13111111111/ HTTP/1.1" 200 9568
INFO 2018-11-07 20:09:11,944 basehttp 124 "GET /sms_code/13111111111/ HTTP/1.1" 200 9568
INFO 2018-11-07 20:09:17,674 basehttp 124 "GET /sms_code/13111111111/ HTTP/1.1" 200 9568
INFO 2018-11-07 20:10:02,328 basehttp 124 "GET /sms_code/13111111111/ HTTP/1.1" 200 9552
INFO 2018-11-07 20:38:13,180 basehttp 124 "GET /sms_code/13111111111/ HTTP/1.1" 200 9552
INFO 2018-11-07 20:38:13,208 basehttp 124 "GET /static/rest_framework/css/bootstrap-tweaks.css HTTP/1.1" 304 0
INFO 2018-11-07 20:38:13,208 basehttp 124 "GET /static/rest_framework/css/bootstrap.min.css HTTP/1.1" 304 0
INFO 2018-11-07 20:38:13,224 basehttp 124 "GET /static/rest_framework/css/prettify.css HTTP/1.1" 304 0
INFO 2018-11-07 20:38:13,225 basehttp 124 "GET /static/rest_framework/css/default.css HTTP/1.1" 304 0
INFO 2018-11-07 20:38:13,225 basehttp 124 "GET /static/rest_framework/js/jquery-3.3.1.min.js HTTP/1.1" 304 0
INFO 2018-11-07 20:38:13,229 basehttp 124 "GET /static/rest_framework/js/ajax-form.js HTTP/1.1" 304 0
INFO 2018-11-07 20:38:13,230 basehttp 124 "GET /static/rest_framework/js/csrf.js HTTP/1.1" 304 0
INFO 2018-11-07 20:38:13,231 basehttp 124 "GET /static/rest_framework/js/bootstrap.min.js HTTP/1.1" 304 0
INFO 2018-11-07 20:38:13,234 basehttp 124 "GET /static/rest_framework/js/prettify-min.js HTTP/1.1" 304 0
INFO 2018-11-07 20:38:13,236 basehttp 124 "GET /static/rest_framework/js/default.js HTTP/1.1" 304 0
WARNING 2018-11-08 10:41:07,390 base 152 Not Found: /
WARNING 2018-11-08 10:41:07,406 basehttp 124 "GET / HTTP/1.1" 404 2104
WARNING 2018-11-08 10:41:07,504 base 152 Not Found: /favicon.ico
WARNING 2018-11-08 10:41:07,504 basehttp 124 "GET /favicon.ico HTTP/1.1" 404 2155
INFO 2018-11-08 10:41:12,297 basehttp 124 "GET /sms_code/13111111111/ HTTP/1.1" 200 9552
WARNING 2018-11-08 10:41:12,484 tasks 17 发送验证码短信[失败][ mobile: 13111111111 ]
INFO 2018-11-08 10:43:05,397 basehttp 124 "GET /sms_code/13111111111/ HTTP/1.1" 200 9552
INFO 2018-11-08 10:43:05,425 basehttp 124 "GET /static/rest_framework/css/prettify.css HTTP/1.1" 304 0
INFO 2018-11-08 10:43:05,429 basehttp 124 "GET /static/rest_framework/css/bootstrap-tweaks.css HTTP/1.1" 304 0
INFO 2018-11-08 10:43:05,430 basehttp 124 "GET /static/rest_framework/js/jquery-3.3.1.min.js HTTP/1.1" 304 0
INFO 2018-11-08 10:43:05,430 basehttp 124 "GET /static/rest_framework/css/bootstrap.min.css HTTP/1.1" 304 0
INFO 2018-11-08 10:43:05,445 basehttp 124 "GET /static/rest_framework/js/bootstrap.min.js HTTP/1.1" 304 0
INFO 2018-11-08 10:43:05,446 basehttp 124 "GET /static/rest_framework/js/ajax-form.js HTTP/1.1" 304 0
INFO 2018-11-08 10:43:05,446 basehttp 124 "GET /static/rest_framework/js/csrf.js HTTP/1.1" 304 0
INFO 2018-11-08 10:43:05,447 basehttp 124 "GET /static/rest_framework/css/default.css HTTP/1.1" 304 0
INFO 2018-11-08 10:43:05,447 basehttp 124 "GET /static/rest_framework/js/prettify-min.js HTTP/1.1" 304 0
INFO 2018-11-08 10:43:05,448 basehttp 124 "GET /static/rest_framework/js/default.js HTTP/1.1" 304 0
WARNING 2018-11-08 10:43:05,553 tasks 17 发送验证码短信[失败][ mobile: 13111111111 ]
INFO 2018-11-08 10:45:13,282 basehttp 124 "GET /sms_code/13111111111/ HTTP/1.1" 200 9552
WARNING 2018-11-08 10:45:13,388 tasks 17 发送验证码短信[失败][ mobile: 13111111111 ]
INFO 2018-11-08 10:47:52,633 basehttp 124 "GET /sms_code/13111111111/ HTTP/1.1" 200 9552
INFO 2018-11-08 10:47:52,645 basehttp 124 "GET /static/rest_framework/css/bootstrap-tweaks.css HTTP/1.1" 304 0
INFO 2018-11-08 10:47:52,646 basehttp 124 "GET /static/rest_framework/css/prettify.css HTTP/1.1" 304 0
INFO 2018-11-08 10:47:52,648 basehttp 124 "GET /static/rest_framework/css/bootstrap.min.css HTTP/1.1" 304 0
INFO 2018-11-08 10:47:52,653 basehttp 124 "GET /static/rest_framework/js/ajax-form.js HTTP/1.1" 304 0
INFO 2018-11-08 10:47:52,653 basehttp 124 "GET /static/rest_framework/js/jquery-3.3.1.min.js HTTP/1.1" 304 0
INFO 2018-11-08 10:47:52,654 basehttp 124 "GET /static/rest_framework/css/default.css HTTP/1.1" 304 0
INFO 2018-11-08 10:47:52,655 basehttp 124 "GET /static/rest_framework/js/csrf.js HTTP/1.1" 304 0
INFO 2018-11-08 10:47:52,670 basehttp 124 "GET /static/rest_framework/js/prettify-min.js HTTP/1.1" 304 0
INFO 2018-11-08 10:47:52,671 basehttp 124 "GET /static/rest_framework/js/bootstrap.min.js HTTP/1.1" 304 0
INFO 2018-11-08 10:47:52,672 basehttp 124 "GET /static/rest_framework/js/default.js HTTP/1.1" 304 0
INFO 2018-11-08 10:47:54,399 basehttp 124 "GET /sms_code/13111111111/ HTTP/1.1" 200 9568
INFO 2018-11-08 10:47:54,418 basehttp 124 "GET /static/rest_framework/css/bootstrap.min.css HTTP/1.1" 304 0
INFO 2018-11-08 10:47:54,422 basehttp 124 "GET /static/rest_framework/css/prettify.css HTTP/1.1" 304 0
INFO 2018-11-08 10:47:54,422 basehttp 124 "GET /static/rest_framework/js/jquery-3.3.1.min.js HTTP/1.1" 304 0
INFO 2018-11-08 10:47:54,423 basehttp 124 "GET /static/rest_framework/css/bootstrap-tweaks.css HTTP/1.1" 304 0
INFO 2018-11-08 10:47:54,424 basehttp 124 "GET /static/rest_framework/css/default.css HTTP/1.1" 304 0
INFO 2018-11-08 10:47:54,434 basehttp 124 "GET /static/rest_framework/js/csrf.js HTTP/1.1" 304 0
INFO 2018-11-08 10:47:54,436 basehttp 124 "GET /static/rest_framework/js/bootstrap.min.js HTTP/1.1" 304 0
INFO 2018-11-08 10:47:54,437 basehttp 124 "GET /static/rest_framework/js/prettify-min.js HTTP/1.1" 304 0
INFO 2018-11-08 10:47:54,438 basehttp 124 "GET /static/rest_framework/js/ajax-form.js HTTP/1.1" 304 0
INFO 2018-11-08 10:47:54,439 basehttp 124 "GET /static/rest_framework/js/default.js HTTP/1.1" 304 0
INFO 2018-11-08 10:48:11,601 basehttp 124 "GET /sms_code/13111111111/ HTTP/1.1" 200 9568
INFO 2018-11-08 10:48:13,193 basehttp 124 "GET /sms_code/13111111111/ HTTP/1.1" 200 9568
INFO 2018-11-08 10:48:14,769 basehttp 124 "GET /sms_code/13111111111/ HTTP/1.1" 200 9568
INFO 2018-11-08 10:48:29,806 basehttp 124 "GET /sms_code/13111111111/ HTTP/1.1" 200 9568
INFO 2018-11-08 10:48:30,903 basehttp 124 "GET /sms_code/13111111111/ HTTP/1.1" 200 9568
INFO 2018-11-08 10:48:33,792 basehttp 124 "GET /sms_code/13111111111/ HTTP/1.1" 200 9568
INFO 2018-11-08 12:00:07,628 basehttp 124 "GET /usernames/13111111111/count/ HTTP/1.1" 200 9679
INFO 2018-11-08 12:00:17,290 basehttp 124 "GET /mobiles/13111111111/count/ HTTP/1.1" 200 9644
WARNING 2018-11-08 12:00:32,283 base 152 Not Found: /mobiles/wwwwwwwwwwwwwwwwwwww/count/
WARNING 2018-11-08 12:00:32,284 basehttp 124 "GET /mobiles/wwwwwwwwwwwwwwwwwwww/count/ HTTP/1.1" 404 2616
INFO 2018-11-08 12:00:42,413 basehttp 124 "GET /usernames/wwwwwwwwwwwwwwwwwwww/count/ HTTP/1.1" 200 9742
WARNING 2018-11-08 12:00:47,232 base 152 Not Found: /usernames/wwwwwwwwwwwwwwwwwwwww/count/
WARNING 2018-11-08 12:00:47,232 basehttp 124 "GET /usernames/wwwwwwwwwwwwwwwwwwwww/count/ HTTP/1.1" 404 2625
INFO 2018-11-08 12:00:50,906 basehttp 124 "GET /usernames/wwwwwwwwwwwwwwwwwwww/count/ HTTP/1.1" 200 9742
INFO 2018-11-08 12:01:00,212 basehttp 124 "GET /usernames/wwwww/count/ HTTP/1.1" 200 9637
INFO 2018-11-08 12:01:22,842 basehttp 124 "GET /usernames/213sdas/count/ HTTP/1.1" 200 9651
INFO 2018-11-08 12:44:05,220 basehttp 124 "GET /usernames/213sdas/count/ HTTP/1.1" 302 0
INFO 2018-11-08 12:44:37,514 basehttp 124 "GET /usernames/wwwww/count/ HTTP/1.1" 302 0
WARNING 2018-11-08 15:13:03,116 basehttp 124 "POST /users/ HTTP/1.1" 400 237
WARNING 2018-11-08 15:15:00,476 basehttp 124 "POST /users/ HTTP/1.1" 400 108
WARNING 2018-11-08 15:15:16,305 basehttp 124 "POST /users/ HTTP/1.1" 400 116
WARNING 2018-11-08 15:16:40,304 basehttp 124 "POST /users/ HTTP/1.1" 400 39
WARNING 2018-11-08 15:16:52,320 basehttp 124 "POST /users/ HTTP/1.1" 400 40
WARNING 2018-11-08 15:17:02,162 basehttp 124 "POST /users/ HTTP/1.1" 400 37
INFO 2018-11-08 15:17:48,394 basehttp 124 "GET /mobiles/13111111111/count/ HTTP/1.1" 200 9644
INFO 2018-11-08 15:18:05,543 basehttp 124 "GET /mobiles/13111111111/count/ HTTP/1.1" 200 9644
INFO 2018-11-08 15:18:41,875 basehttp 124 "GET /sms_code/13111111111/ HTTP/1.1" 200 9552
ERROR 2018-11-08 15:19:14,376 exception 135 Internal Server Error: /users/
Traceback (most recent call last):
  File "/home/python/.virtualenvs/meiduo17/lib/python3.5/site-packages/rest_framework/serializers.py", line 940, in create
    instance = ModelClass.objects.create(**validated_data)
  File "/home/python/.virtualenvs/meiduo17/lib/python3.5/site-packages/django/db/models/manager.py", line 85, in manager_method
    return getattr(self.get_queryset(), name)(*args, **kwargs)
  File "/home/python/.virtualenvs/meiduo17/lib/python3.5/site-packages/django/db/models/query.py", line 392, in create
    obj = self.model(**kwargs)
  File "/home/python/.virtualenvs/meiduo17/lib/python3.5/site-packages/django/contrib/auth/base_user.py", line 68, in __init__
    super(AbstractBaseUser, self).__init__(*args, **kwargs)
  File "/home/python/.virtualenvs/meiduo17/lib/python3.5/site-packages/django/db/models/base.py", line 573, in __init__
    raise TypeError("'%s' is an invalid keyword argument for this function" % list(kwargs)[0])
TypeError: 'allow' is an invalid keyword argument for this function

During handling of the above exception, another exception occurred:

Traceback (most recent call last):
  File "/home/python/.virtualenvs/meiduo17/lib/python3.5/site-packages/django/core/handlers/exception.py", line 41, in inner
    response = get_response(request)
  File "/home/python/.virtualenvs/meiduo17/lib/python3.5/site-packages/django/core/handlers/base.py", line 187, in _get_response
    response = self.process_exception_by_middleware(e, request)
  File "/home/python/.virtualenvs/meiduo17/lib/python3.5/site-packages/django/core/handlers/base.py", line 185, in _get_response
    response = wrapped_callback(request, *callback_args, **callback_kwargs)
  File "/home/python/.virtualenvs/meiduo17/lib/python3.5/site-packages/django/views/decorators/csrf.py", line 58, in wrapped_view
    return view_func(*args, **kwargs)
  File "/home/python/.virtualenvs/meiduo17/lib/python3.5/site-packages/django/views/generic/base.py", line 68, in view
    return self.dispatch(request, *args, **kwargs)
  File "/home/python/.virtualenvs/meiduo17/lib/python3.5/site-packages/rest_framework/views.py", line 483, in dispatch
    response = self.handle_exception(exc)
  File "/home/python/.virtualenvs/meiduo17/lib/python3.5/site-packages/rest_framework/views.py", line 443, in handle_exception
    self.raise_uncaught_exception(exc)
  File "/home/python/.virtualenvs/meiduo17/lib/python3.5/site-packages/rest_framework/views.py", line 480, in dispatch
    response = handler(request, *args, **kwargs)
  File "/home/python/.virtualenvs/meiduo17/lib/python3.5/site-packages/rest_framework/generics.py", line 192, in post
    return self.create(request, *args, **kwargs)
  File "/home/python/.virtualenvs/meiduo17/lib/python3.5/site-packages/rest_framework/mixins.py", line 21, in create
    self.perform_create(serializer)
  File "/home/python/.virtualenvs/meiduo17/lib/python3.5/site-packages/rest_framework/mixins.py", line 26, in perform_create
    serializer.save()
  File "/home/python/.virtualenvs/meiduo17/lib/python3.5/site-packages/rest_framework/serializers.py", line 214, in save
    self.instance = self.create(validated_data)
  File "/home/python/.virtualenvs/meiduo17/lib/python3.5/site-packages/rest_framework/serializers.py", line 957, in create
    raise TypeError(msg)
TypeError: Got a `TypeError` when calling `User.objects.create()`. This may be because you have a writable field on the serializer class that is not a valid argument to `User.objects.create()`. You may need to make the field read-only, or override the UserSerializer.create() method to handle this correctly.
Original exception was:
 Traceback (most recent call last):
  File "/home/python/.virtualenvs/meiduo17/lib/python3.5/site-packages/rest_framework/serializers.py", line 940, in create
    instance = ModelClass.objects.create(**validated_data)
  File "/home/python/.virtualenvs/meiduo17/lib/python3.5/site-packages/django/db/models/manager.py", line 85, in manager_method
    return getattr(self.get_queryset(), name)(*args, **kwargs)
  File "/home/python/.virtualenvs/meiduo17/lib/python3.5/site-packages/django/db/models/query.py", line 392, in create
    obj = self.model(**kwargs)
  File "/home/python/.virtualenvs/meiduo17/lib/python3.5/site-packages/django/contrib/auth/base_user.py", line 68, in __init__
    super(AbstractBaseUser, self).__init__(*args, **kwargs)
  File "/home/python/.virtualenvs/meiduo17/lib/python3.5/site-packages/django/db/models/base.py", line 573, in __init__
    raise TypeError("'%s' is an invalid keyword argument for this function" % list(kwargs)[0])
TypeError: 'allow' is an invalid keyword argument for this function

ERROR 2018-11-08 15:19:14,442 basehttp 124 "POST /users/ HTTP/1.1" 500 23384
INFO 2018-11-08 15:38:44,112 basehttp 124 "GET /sms_code/13111111111/ HTTP/1.1" 200 9552
INFO 2018-11-08 15:39:04,561 basehttp 124 "POST /users/ HTTP/1.1" 201 53
WARNING 2018-11-08 15:47:00,884 base 152 Not Found: /sms_code/1322222222/
WARNING 2018-11-08 15:47:00,885 basehttp 124 "GET /sms_code/1322222222/ HTTP/1.1" 404 2727
INFO 2018-11-08 15:47:10,307 basehttp 124 "GET /sms_code/13222222222/ HTTP/1.1" 200 9552
WARNING 2018-11-08 15:47:36,013 basehttp 124 "POST /users/ HTTP/1.1" 400 59
INFO 2018-11-08 15:47:45,217 basehttp 124 "POST /users/ HTTP/1.1" 201 145
